<?xml version="1.0" encoding="UTF-8"?>
<!-- Generated by org.testng.reporters.JUnitReportReporter -->
<testsuite hostname="sjacob-us-la" name="iFood_Web_Automation.runner.ReviewRunner" tests="1" failures="0" timestamp="17 Dec 2020 22:08:05 GMT" time="10.248" errors="0">
  <testcase name="feature" time="10.248" classname="iFood_Web_Automation.runner.ReviewRunner"/>
</testsuite> <!-- iFood_Web_Automation.runner.ReviewRunner -->
